Technique SpriteBatch - Pass :  Is good to go.
Technique SpriteBatch - Pass  : 1
0: tex Sampler2D 3 1
Number of joysticks: 0
Bottom: Tile
Bottom: Tile
Bottom: Tile
Bottom: Tile
Bottom: Tile
Bottom: Tile
Bottom: Tile
Bottom: Tile
Bottom: Tile
Bottom: Tile
Bottom: Tile
Bottom: Tile
Bottom: Tile
Bottom: Tile
Bottom: Tile
Bottom: Tile
Bottom: Tile
Bottom: Tile
Bottom: Tile
Bottom: Tile
Bottom: Tile
Bottom: Tile
Bottom: Tile
Bottom: Tile
Bottom: Tile
Bottom: Tile
Bottom: Tile
Bottom: Tile
Bottom: Tile
Bottom: Tile
Bottom: Tile
Bottom: Tile
Bottom: Tile
Bottom: Tile
Bottom: Tile
Bottom: Tile
Bottom: Tile
Bottom: Tile
Bottom: Tile
Bottom: Tile
Bottom: Tile
Bottom: Tile
Bottom: Tile
Bottom: Tile
Bottom: Tile
Bottom: Tile
Bottom: Tile
Bottom: Tile
Bottom: Tile
Bottom: Tile
Bottom: Tile
Bottom: Tile
Bottom: Tile
Bottom: Tile
Bottom: Tile
Bottom: Tile
Bottom: Tile
Bottom: Tile
Bottom: Tile
Bottom: Tile
Bottom: Tile
Bottom: Tile
Bottom: Tile
Bottom: Tile
Bottom: Tile
Bottom: Tile
Bottom: Tile
Bottom: Tile
Bottom: Tile
Bottom: Tile
Bottom: Tile
Bottom: Tile
Bottom: Tile
Bottom: Tile
Bottom: Tile
Bottom: Tile
Bottom: Tile
Bottom: Tile
Bottom: Tile
Bottom: Tile
Bottom: Tile
Bottom: Tile
Bottom: Tile
Bottom: Tile
Bottom: Tile
Bottom: Tile
Bottom: Tile
Bottom: Tile
Bottom: Tile
Bottom: Tile
Bottom: Tile
Bottom: Tile
Bottom: Tile
Bottom: Tile
Bottom: Tile
Bottom: Tile
Bottom: Tile
Bottom: Tile
Bottom: Tile
Bottom: Tile
Bottom: Tile
Bottom: Tile
Bottom: Tile
Bottom: Tile
Bottom: Tile
Bottom: Tile
Bottom: Tile
Bottom: Tile
Bottom: Tile
Bottom: Tile
Bottom: Tile
Bottom: Tile
Bottom: Tile
Bottom: Tile
Bottom: Tile
Bottom: Tile
Bottom: Tile
Bottom: Tile
Bottom: Tile
Bottom: Tile
Bottom: Tile
Bottom: Tile
Bottom: Tile
Bottom: Tile
Bottom: Tile
Bottom: Tile
Bottom: Tile
Bottom: Tile
Bottom: Tile
Bottom: Tile
Bottom: Tile
Bottom: Tile
Bottom: Tile
Bottom: Tile
Bottom: Tile
Bottom: Tile
Bottom: Tile
Bottom: Tile
Bottom: Tile
Bottom: Tile
Bottom: Tile
Bottom: Tile
Bottom: Tile
Bottom: Tile
Bottom: Tile
Bottom: Tile
Bottom: Tile
Bottom: Tile
Bottom: Tile
Bottom: Tile
Bottom: Tile
Bottom: Tile
Bottom: Tile
Bottom: Tile
Bottom: Tile
Bottom: Tile
Bottom: Tile
Bottom: Tile
Bottom: Tile
Bottom: Tile
Bottom: Tile
Bottom: Tile
Bottom: Tile
Bottom: Tile
Bottom: Tile
Bottom: Tile
Bottom: Tile
Bottom: Tile
Bottom: Tile
Bottom: Tile
Bottom: Tile
Bottom: Tile
Bottom: Tile
Bottom: Tile
Bottom: Tile
Bottom: Tile
Bottom: Tile
Bottom: Tile
Bottom: Tile
Bottom: Tile
Bottom: Tile
Bottom: Tile
Bottom: Tile
Bottom: Tile
Bottom: Tile
Bottom: Tile
Bottom: Tile
Bottom: Tile
Bottom: Tile
Bottom: Tile
Bottom: Tile
Bottom: Tile
Bottom: Tile
Bottom: Tile
Bottom: Tile
Bottom: Tile
Bottom: Tile
Bottom: Tile
Bottom: Tile
Bottom: Tile
Bottom: Tile
Bottom: Tile
Bottom: Tile
Bottom: Tile
Bottom: Tile
Bottom: Tile
Bottom: Tile
Bottom: Tile
Bottom: Tile
Bottom: Tile
Bottom: Tile
Bottom: Tile
Bottom: Tile
Bottom: Tile
Bottom: Tile
Bottom: Tile
Bottom: Tile
Bottom: Tile
Bottom: Tile
Bottom: Tile
Bottom: Tile
Bottom: Tile
[NativeRelease ERROR]: type: MonoMac.Foundation.NSAsyncActionDispatcher handle: 2116305424 count: 2 gchandle: 0
